<?xml version="1.0" encoding="UTF-8"?>
<testng-results skipped="0" failed="0" ignored="0" total="1" passed="1">
  <reporter-output>
  </reporter-output>
  <suite name="Default suite" duration-ms="27996" started-at="2018-08-07T09:44:11Z" finished-at="2018-08-07T09:44:39Z">
    <groups>
    </groups>
    <test name="Default test" duration-ms="27996" started-at="2018-08-07T09:44:11Z" finished-at="2018-08-07T09:44:39Z">
      <class name="synchronization.ThreadSleep">
        <test-method status="PASS" signature="main()[pri:0, instance:synchronization.ThreadSleep@59e5ddf]" name="main" duration-ms="26043" started-at="2018-08-07T09:44:11Z" finished-at="2018-08-07T09:44:37Z">
          <reporter-output>
          </reporter-output>
        </test-method> <!-- main -->
        <test-method status="PASS" signature="close()[pri:0, instance:synchronization.ThreadSleep@59e5ddf]" name="close" is-config="true" duration-ms="1891" started-at="2018-08-07T09:44:37Z" finished-at="2018-08-07T09:44:39Z">
          <reporter-output>
          </reporter-output>
        </test-method> <!-- close -->
      </class> <!-- synchronization.ThreadSleep -->
    </test> <!-- Default test -->
  </suite> <!-- Default suite -->
</testng-results>
